2022-02-16T21:47:22.762-0300 [DEBUG] [org.gradle.launcher.daemon.bootstrap.DaemonMain] Assuming the daemon was started with following jvm opts: [--add-opens, java.base/java.util=ALL-UNNAMED, --add-opens, java.base/java.lang=ALL-UNNAMED, --add-opens, java.base/java.lang.invoke=ALL-UNNAMED, --add-opens, java.base/java.util=ALL-UNNAMED, --add-opens, java.prefs/java.util.prefs=ALL-UNNAMED, --add-opens, java.prefs/java.util.prefs=ALL-UNNAMED, --add-opens, java.base/java.nio.charset=ALL-UNNAMED, --add-opens, java.base/java.net=ALL-UNNAMED, --add-opens, java.base/java.util.concurrent.atomic=ALL-UNNAMED, -Xmx2048m, -Dfile.encoding=UTF-8, -Duser.country=AR, -Duser.language=es, -Duser.variant]
2022-02-16T21:47:22.929-0300 [DEBUG] [org.gradle.internal.nativeintegration.services.NativeServices] Native-platform posix files integration is not available. Continuing with fallback.
2022-02-16T21:47:22.944-0300 [INFO] [org.gradle.launcher.daemon.server.Daemon] start() called on daemon - DefaultDaemonContext[uid=097c1d45-f13c-4f73-9f09-caee5068baae,javaHome=C:\Program Files\Android\Android Studio\jre,daemonRegistryDir=C:\Users\Cristian Granero\Downloads\AboutMeApp\gradle\wrapper\daemon,pid=15240,idleTimeout=10800000,priority=NORMAL,daemonOpts=--add-opens,java.base/java.util=ALL-UNNAMED,--add-opens,java.base/java.lang=ALL-UNNAMED,--add-opens,java.base/java.lang.invoke=ALL-UNNAMED,--add-opens,java.base/java.util=ALL-UNNAMED,--add-opens,java.prefs/java.util.prefs=ALL-UNNAMED,--add-opens,java.prefs/java.util.prefs=ALL-UNNAMED,--add-opens,java.base/java.nio.charset=ALL-UNNAMED,--add-opens,java.base/java.net=ALL-UNNAMED,--add-opens,java.base/java.util.concurrent.atomic=ALL-UNNAMED,-Xmx2048m,-Dfile.encoding=UTF-8,-Duser.country=AR,-Duser.language=es,-Duser.variant]
2022-02-16T21:47:23.117-0300 [DEBUG] [org.gradle.internal.remote.internal.inet.InetAddresses] Adding IP addresses for network interface Software Loopback Interface 1
2022-02-16T21:47:23.119-0300 [DEBUG] [org.gradle.internal.remote.internal.inet.InetAddresses] Is this a loopback interface? true
2022-02-16T21:47:23.120-0300 [DEBUG] [org.gradle.internal.remote.internal.inet.InetAddresses] Adding loopback address /127.0.0.1
2022-02-16T21:47:23.120-0300 [DEBUG] [org.gradle.internal.remote.internal.inet.InetAddresses] Adding loopback address /0:0:0:0:0:0:0:1
2022-02-16T21:47:23.121-0300 [DEBUG] [org.gradle.internal.remote.internal.inet.InetAddresses] Adding IP addresses for network interface WAN Miniport (Network Monitor)
2022-02-16T21:47:23.122-0300 [DEBUG] [org.gradle.internal.remote.internal.inet.InetAddresses] Is this a loopback interface? false
2022-02-16T21:47:23.123-0300 [DEBUG] [org.gradle.internal.remote.internal.inet.InetAddresses] Adding IP addresses for network interface Microsoft 6to4 Adapter
2022-02-16T21:47:23.124-0300 [DEBUG] [org.gradle.internal.remote.internal.inet.InetAddresses] Is this a loopback interface? false
2022-02-16T21:47:23.125-0300 [DEBUG] [org.gradle.internal.remote.internal.inet.InetAddresses] Adding IP addresses for network interface WAN Miniport (SSTP)
2022-02-16T21:47:23.127-0300 [DEBUG] [org.gradle.internal.remote.internal.inet.InetAddresses] Is this a loopback interface? false
2022-02-16T21:47:23.127-0300 [DEBUG] [org.gradle.internal.remote.internal.inet.InetAddresses] Adding IP addresses for network interface WAN Miniport (L2TP)
2022-02-16T21:47:23.128-0300 [DEBUG] [org.gradle.internal.remote.internal.inet.InetAddresses] Is this a loopback interface? false
2022-02-16T21:47:23.129-0300 [DEBUG] [org.gradle.internal.remote.internal.inet.InetAddresses] Adding IP addresses for network interface Microsoft Kernel Debug Network Adapter
2022-02-16T21:47:23.130-0300 [DEBUG] [org.gradle.internal.remote.internal.inet.InetAddresses] Is this a loopback interface? false
2022-02-16T21:47:23.131-0300 [DEBUG] [org.gradle.internal.remote.internal.inet.InetAddresses] Adding IP addresses for network interface Microsoft IP-HTTPS Platform Adapter
2022-02-16T21:47:23.132-0300 [DEBUG] [org.gradle.internal.remote.internal.inet.InetAddresses] Is this a loopback interface? false
2022-02-16T21:47:23.132-0300 [DEBUG] [org.gradle.internal.remote.internal.inet.InetAddresses] Adding IP addresses for network interface WAN Miniport (IKEv2)
2022-02-16T21:47:23.134-0300 [DEBUG] [org.gradle.internal.remote.internal.inet.InetAddresses] Is this a loopback interface? false
2022-02-16T21:47:23.134-0300 [DEBUG] [org.gradle.internal.remote.internal.inet.InetAddresses] Adding IP addresses for network interface WAN Miniport (IP)
2022-02-16T21:47:23.136-0300 [DEBUG] [org.gradle.internal.remote.internal.inet.InetAddresses] Is this a loopback interface? false
2022-02-16T21:47:23.136-0300 [DEBUG] [org.gradle.internal.remote.internal.inet.InetAddresses] Adding IP addresses for network interface WAN Miniport (PPTP)
2022-02-16T21:47:23.138-0300 [DEBUG] [org.gradle.internal.remote.internal.inet.InetAddresses] Is this a loopback interface? false
2022-02-16T21:47:23.138-0300 [DEBUG] [org.gradle.internal.remote.internal.inet.InetAddresses] Adding IP addresses for network interface Microsoft Teredo Tunneling Adapter
2022-02-16T21:47:23.139-0300 [DEBUG] [org.gradle.internal.remote.internal.inet.InetAddresses] Is this a loopback interface? false
2022-02-16T21:47:23.140-0300 [DEBUG] [org.gradle.internal.remote.internal.inet.InetAddresses] Adding IP addresses for network interface Realtek PCIe GbE Family Controller
2022-02-16T21:47:23.141-0300 [DEBUG] [org.gradle.internal.remote.internal.inet.InetAddresses] Is this a loopback interface? false
2022-02-16T21:47:23.141-0300 [DEBUG] [org.gradle.internal.remote.internal.inet.InetAddresses] Adding remote address /192.168.0.6
2022-02-16T21:47:23.142-0300 [DEBUG] [org.gradle.internal.remote.internal.inet.InetAddresses] Adding remote address /2800:810:46d:84f8:0:0:0:1001
2022-02-16T21:47:23.142-0300 [DEBUG] [org.gradle.internal.remote.internal.inet.InetAddresses] Adding remote address /2800:810:46d:84f8:d52:f608:dbbe:c05f
2022-02-16T21:47:23.142-0300 [DEBUG] [org.gradle.internal.remote.internal.inet.InetAddresses] Adding remote address /2800:810:46d:84f8:4836:d3ec:23ea:7af5
2022-02-16T21:47:23.143-0300 [DEBUG] [org.gradle.internal.remote.internal.inet.InetAddresses] Adding remote address /fe80:0:0:0:d52:f608:dbbe:c05f%eth3
2022-02-16T21:47:23.143-0300 [DEBUG] [org.gradle.internal.remote.internal.inet.InetAddresses] Adding IP addresses for network interface WAN Miniport (PPPOE)
2022-02-16T21:47:23.145-0300 [DEBUG] [org.gradle.internal.remote.internal.inet.InetAddresses] Is this a loopback interface? false
2022-02-16T21:47:23.145-0300 [DEBUG] [org.gradle.internal.remote.internal.inet.InetAddresses] Adding IP addresses for network interface WAN Miniport (IPv6)
2022-02-16T21:47:23.147-0300 [DEBUG] [org.gradle.internal.remote.internal.inet.InetAddresses] Is this a loopback interface? false
2022-02-16T21:47:23.147-0300 [DEBUG] [org.gradle.internal.remote.internal.inet.InetAddresses] Adding IP addresses for network interface Realtek PCIe GbE Family Controller-WFP Native MAC Layer LightWeight Filter-0000
2022-02-16T21:47:23.149-0300 [DEBUG] [org.gradle.internal.remote.internal.inet.InetAddresses] Is this a loopback interface? false
2022-02-16T21:47:23.149-0300 [DEBUG] [org.gradle.internal.remote.internal.inet.InetAddresses] Adding IP addresses for network interface Realtek PCIe GbE Family Controller-QoS Packet Scheduler-0000
2022-02-16T21:47:23.151-0300 [DEBUG] [org.gradle.internal.remote.internal.inet.InetAddresses] Is this a loopback interface? false
2022-02-16T21:47:23.151-0300 [DEBUG] [org.gradle.internal.remote.internal.inet.InetAddresses] Adding IP addresses for network interface Realtek PCIe GbE Family Controller-WFP 802.3 MAC Layer LightWeight Filter-0000
2022-02-16T21:47:23.153-0300 [DEBUG] [org.gradle.internal.remote.internal.inet.InetAddresses] Is this a loopback interface? false
2022-02-16T21:47:23.153-0300 [DEBUG] [org.gradle.internal.remote.internal.inet.InetAddresses] Adding IP addresses for network interface WAN Miniport (IP)-WFP Native MAC Layer LightWeight Filter-0000
2022-02-16T21:47:23.155-0300 [DEBUG] [org.gradle.internal.remote.internal.inet.InetAddresses] Is this a loopback interface? false
2022-02-16T21:47:23.155-0300 [DEBUG] [org.gradle.internal.remote.internal.inet.InetAddresses] Adding IP addresses for network interface WAN Miniport (IP)-QoS Packet Scheduler-0000
2022-02-16T21:47:23.157-0300 [DEBUG] [org.gradle.internal.remote.internal.inet.InetAddresses] Is this a loopback interface? false
2022-02-16T21:47:23.157-0300 [DEBUG] [org.gradle.internal.remote.internal.inet.InetAddresses] Adding IP addresses for network interface WAN Miniport (IPv6)-WFP Native MAC Layer LightWeight Filter-0000
2022-02-16T21:47:23.159-0300 [DEBUG] [org.gradle.internal.remote.internal.inet.InetAddresses] Is this a loopback interface? false
2022-02-16T21:47:23.159-0300 [DEBUG] [org.gradle.internal.remote.internal.inet.InetAddresses] Adding IP addresses for network interface WAN Miniport (IPv6)-QoS Packet Scheduler-0000
2022-02-16T21:47:23.160-0300 [DEBUG] [org.gradle.internal.remote.internal.inet.InetAddresses] Is this a loopback interface? false
2022-02-16T21:47:23.161-0300 [DEBUG] [org.gradle.internal.remote.internal.inet.InetAddresses] Adding IP addresses for network interface WAN Miniport (Network Monitor)-WFP Native MAC Layer LightWeight Filter-0000
2022-02-16T21:47:23.162-0300 [DEBUG] [org.gradle.internal.remote.internal.inet.InetAddresses] Is this a loopback interface? false
2022-02-16T21:47:23.162-0300 [DEBUG] [org.gradle.internal.remote.internal.inet.InetAddresses] Adding IP addresses for network interface WAN Miniport (Network Monitor)-QoS Packet Scheduler-0000
2022-02-16T21:47:23.164-0300 [DEBUG] [org.gradle.internal.remote.internal.inet.InetAddresses] Is this a loopback interface? false
2022-02-16T21:47:23.166-0300 [DEBUG] [org.gradle.internal.remote.internal.inet.TcpIncomingConnector] Listening on [1811e86e-ed3a-4b9a-bcb5-6e7159a6cda6 port:65203, addresses:[localhost/127.0.0.1]].
2022-02-16T21:47:23.176-0300 [DEBUG] [org.gradle.launcher.daemon.server.Daemon] Daemon starting at: Wed Feb 16 21:47:23 ART 2022, with address: [1811e86e-ed3a-4b9a-bcb5-6e7159a6cda6 port:65203, addresses:[localhost/127.0.0.1]]
2022-02-16T21:47:23.176-0300 [INFO] [org.gradle.launcher.daemon.server.DaemonRegistryUpdater] Advertising the daemon address to the clients: [1811e86e-ed3a-4b9a-bcb5-6e7159a6cda6 port:65203, addresses:[localhost/127.0.0.1]]
2022-02-16T21:47:23.176-0300 [DEBUG] [org.gradle.launcher.daemon.server.DaemonRegistryUpdater] Advertised daemon context: DefaultDaemonContext[uid=097c1d45-f13c-4f73-9f09-caee5068baae,javaHome=C:\Program Files\Android\Android Studio\jre,daemonRegistryDir=C:\Users\Cristian Granero\Downloads\AboutMeApp\gradle\wrapper\daemon,pid=15240,idleTimeout=10800000,priority=NORMAL,daemonOpts=--add-opens,java.base/java.util=ALL-UNNAMED,--add-opens,java.base/java.lang=ALL-UNNAMED,--add-opens,java.base/java.lang.invoke=ALL-UNNAMED,--add-opens,java.base/java.util=ALL-UNNAMED,--add-opens,java.prefs/java.util.prefs=ALL-UNNAMED,--add-opens,java.prefs/java.util.prefs=ALL-UNNAMED,--add-opens,java.base/java.nio.charset=ALL-UNNAMED,--add-opens,java.base/java.net=ALL-UNNAMED,--add-opens,java.base/java.util.concurrent.atomic=ALL-UNNAMED,-Xmx2048m,-Dfile.encoding=UTF-8,-Duser.country=AR,-Duser.language=es,-Duser.variant]
2022-02-16T21:47:23.177-0300 [DEBUG] [org.gradle.launcher.daemon.registry.PersistentDaemonRegistry] Storing daemon address: [1811e86e-ed3a-4b9a-bcb5-6e7159a6cda6 port:65203, addresses:[localhost/127.0.0.1]], context: DefaultDaemonContext[uid=097c1d45-f13c-4f73-9f09-caee5068baae,javaHome=C:\Program Files\Android\Android Studio\jre,daemonRegistryDir=C:\Users\Cristian Granero\Downloads\AboutMeApp\gradle\wrapper\daemon,pid=15240,idleTimeout=10800000,priority=NORMAL,daemonOpts=--add-opens,java.base/java.util=ALL-UNNAMED,--add-opens,java.base/java.lang=ALL-UNNAMED,--add-opens,java.base/java.lang.invoke=ALL-UNNAMED,--add-opens,java.base/java.util=ALL-UNNAMED,--add-opens,java.prefs/java.util.prefs=ALL-UNNAMED,--add-opens,java.prefs/java.util.prefs=ALL-UNNAMED,--add-opens,java.base/java.nio.charset=ALL-UNNAMED,--add-opens,java.base/java.net=ALL-UNNAMED,--add-opens,java.base/java.util.concurrent.atomic=ALL-UNNAMED,-Xmx2048m,-Dfile.encoding=UTF-8,-Duser.country=AR,-Duser.language=es,-Duser.variant]
2022-02-16T21:47:23.187-0300 [DEBUG] [org.gradle.cache.internal.DefaultFileLockManager] Waiting to acquire exclusive lock on daemon addresses registry.
2022-02-16T21:47:23.191-0300 [DEBUG] [org.gradle.cache.internal.DefaultFileLockManager] Lock acquired on daemon addresses registry.
2022-02-16T21:47:23.197-0300 [DEBUG] [org.gradle.cache.internal.DefaultFileLockManager] Releasing lock on daemon addresses registry.
2022-02-16T21:47:23.198-0300 [LIFECYCLE] [org.gradle.launcher.daemon.server.Daemon] Daemon server started.
2022-02-16T21:47:23.199-0300 [DEBUG] [org.gradle.launcher.daemon.bootstrap.DaemonStartupCommunication] Completed writing the daemon greeting. Closing streams...
2022-02-16T21:47:23.204-0300 [DEBUG] [org.gradle.launcher.daemon.server.Daemon] stopOnExpiration() called on daemon
2022-02-16T21:47:23.205-0300 [DEBUG] [org.gradle.launcher.daemon.server.Daemon] awaitExpiration() called on daemon
2022-02-16T21:47:23.205-0300 [DEBUG] [org.gradle.launcher.daemon.server.DaemonStateCoordinator] daemon is running. Sleeping until state changes.
2022-02-16T21:47:23.211-0300 [DEBUG] [org.gradle.internal.remote.internal.inet.TcpIncomingConnector] Accepted connection from /127.0.0.1:65204 to /127.0.0.1:65203.
2022-02-16T21:47:23.257-0300 [DEBUG] [org.gradle.launcher.daemon.server.SynchronizedDispatchConnection] thread 20: received class org.gradle.launcher.daemon.protocol.Build
2022-02-16T21:47:23.257-0300 [DEBUG] [org.gradle.launcher.daemon.server.DefaultDaemonConnection] thread 20: Received non-IO message from client: Build{id=0888d578-761c-43f3-8a9e-8a5eadf2e4be, currentDir=C:\Users\Cristian Granero\Downloads\AboutMeApp}
2022-02-16T21:47:23.258-0300 [INFO] [org.gradle.launcher.daemon.server.DefaultIncomingConnectionHandler] Received command: Build{id=0888d578-761c-43f3-8a9e-8a5eadf2e4be, currentDir=C:\Users\Cristian Granero\Downloads\AboutMeApp}.
2022-02-16T21:47:23.258-0300 [DEBUG] [org.gradle.launcher.daemon.server.DefaultIncomingConnectionHandler] Starting executing command: Build{id=0888d578-761c-43f3-8a9e-8a5eadf2e4be, currentDir=C:\Users\Cristian Granero\Downloads\AboutMeApp} with connection: socket connection from /127.0.0.1:65203 to /127.0.0.1:65204.
2022-02-16T21:47:23.261-0300 [DEBUG] [org.gradle.launcher.daemon.server.DaemonStateCoordinator] Command execution: started DaemonCommandExecution[command = Build{id=0888d578-761c-43f3-8a9e-8a5eadf2e4be, currentDir=C:\Users\Cristian Granero\Downloads\AboutMeApp}, connection = DefaultDaemonConnection: socket connection from /127.0.0.1:65203 to /127.0.0.1:65204] after 0.0 minutes of idle
2022-02-16T21:47:23.261-0300 [INFO] [org.gradle.launcher.daemon.server.DaemonRegistryUpdater] Marking the daemon as busy, address: [1811e86e-ed3a-4b9a-bcb5-6e7159a6cda6 port:65203, addresses:[localhost/127.0.0.1]]
2022-02-16T21:47:23.261-0300 [DEBUG] [org.gradle.launcher.daemon.registry.PersistentDaemonRegistry] Marking busy by address: [1811e86e-ed3a-4b9a-bcb5-6e7159a6cda6 port:65203, addresses:[localhost/127.0.0.1]]
2022-02-16T21:47:23.262-0300 [DEBUG] [org.gradle.cache.internal.DefaultFileLockManager] Waiting to acquire exclusive lock on daemon addresses registry.
2022-02-16T21:47:23.263-0300 [DEBUG] [org.gradle.cache.internal.DefaultFileLockManager] Lock acquired on daemon addresses registry.
2022-02-16T21:47:23.264-0300 [DEBUG] [org.gradle.cache.internal.DefaultFileLockManager] Releasing lock on daemon addresses registry.
2022-02-16T21:47:23.265-0300 [DEBUG] [org.gradle.launcher.daemon.server.DaemonStateCoordinator] resetting idle timer
2022-02-16T21:47:23.265-0300 [DEBUG] [org.gradle.launcher.daemon.server.DaemonStateCoordinator] daemon is running. Sleeping until state changes.
2022-02-16T21:47:23.266-0300 [INFO] [org.gradle.launcher.daemon.server.exec.StartBuildOrRespondWithBusy] Daemon is about to start building Build{id=0888d578-761c-43f3-8a9e-8a5eadf2e4be, currentDir=C:\Users\Cristian Granero\Downloads\AboutMeApp}. Dispatching build started information...
2022-02-16T21:47:23.266-0300 [DEBUG] [org.gradle.launcher.daemon.server.SynchronizedDispatchConnection] thread 22: dispatching org.gradle.launcher.daemon.protocol.BuildStarted@2ed9b4cf
2022-02-16T21:47:23.269-0300 [DEBUG] [org.gradle.launcher.daemon.server.exec.EstablishBuildEnvironment] Configuring env variables: [USERDOMAIN_ROAMINGPROFILE, LOCALAPPDATA, PROCESSOR_LEVEL, USERDOMAIN, FPS_BROWSER_APP_PROFILE_STRING, LOGONSERVER, SESSIONNAME, ALLUSERSPROFILE, PROCESSOR_ARCHITECTURE, PSModulePath, SystemDrive, QA, OneDrive, PT8HOME, QT_DEVICE_PIXEL_RATIO, APPDATA, USERNAME, ProgramFiles(x86), CommonProgramFiles, Path, FPS_BROWSER_USER_PROFILE_STRING, PATHEXT, DriverData, OS, OneDriveConsumer, COMPUTERNAME, PROCESSOR_REVISION, CommonProgramW6432, ComSpec, ProgramData, ProgramW6432, TEMP, HOMEPATH, SystemRoot, PROCESSOR_IDENTIFIER, HOMEDRIVE, USERPROFILE, TMP, CommonProgramFiles(x86), ProgramFiles, PUBLIC, windir, NUMBER_OF_PROCESSORS, =::, IDEA_INITIAL_DIRECTORY]
2022-02-16T21:47:23.270-0300 [DEBUG] [org.gradle.launcher.daemon.server.SynchronizedDispatchConnection] thread 20: received class org.gradle.launcher.daemon.protocol.CloseInput
2022-02-16T21:47:23.270-0300 [DEBUG] [org.gradle.launcher.daemon.server.DefaultDaemonConnection] thread 20: Received IO message from client: org.gradle.launcher.daemon.protocol.CloseInput@2fc0aba4
2022-02-16T21:47:23.276-0300 [DEBUG] [org.gradle.launcher.daemon.server.exec.LogToClient] About to start relaying all logs to the client via the connection.
2022-02-16T21:47:23.276-0300 [INFO] [org.gradle.launcher.daemon.server.exec.LogToClient] The client will now receive all logging from the daemon (pid: 15240). The daemon log file: C:\Users\Cristian Granero\Downloads\AboutMeApp\gradle\wrapper\daemon\7.2\daemon-15240.out.log
2022-02-16T21:47:23.279-0300 [INFO] [org.gradle.launcher.daemon.server.exec.LogAndCheckHealth] Starting build in new daemon [memory: 2 GiB]
2022-02-16T21:47:23.280-0300 [INFO] [org.gradle.launcher.daemon.server.exec.ForwardClientInput] Closing daemon's stdin at end of input.
2022-02-16T21:47:23.280-0300 [INFO] [org.gradle.launcher.daemon.server.exec.ForwardClientInput] The daemon will no longer process any standard input.
2022-02-16T21:47:23.284-0300 [DEBUG] [org.gradle.launcher.daemon.server.exec.ExecuteBuild] The daemon has started executing the build.
2022-02-16T21:47:23.285-0300 [DEBUG] [org.gradle.launcher.daemon.server.exec.ExecuteBuild] Executing build with daemon context: DefaultDaemonContext[uid=097c1d45-f13c-4f73-9f09-caee5068baae,javaHome=C:\Program Files\Android\Android Studio\jre,daemonRegistryDir=C:\Users\Cristian Granero\Downloads\AboutMeApp\gradle\wrapper\daemon,pid=15240,idleTimeout=10800000,priority=NORMAL,daemonOpts=--add-opens,java.base/java.util=ALL-UNNAMED,--add-opens,java.base/java.lang=ALL-UNNAMED,--add-opens,java.base/java.lang.invoke=ALL-UNNAMED,--add-opens,java.base/java.util=ALL-UNNAMED,--add-opens,java.prefs/java.util.prefs=ALL-UNNAMED,--add-opens,java.prefs/java.util.prefs=ALL-UNNAMED,--add-opens,java.base/java.nio.charset=ALL-UNNAMED,--add-opens,java.base/java.net=ALL-UNNAMED,--add-opens,java.base/java.util.concurrent.atomic=ALL-UNNAMED,-Xmx2048m,-Dfile.encoding=UTF-8,-Duser.country=AR,-Duser.language=es,-Duser.variant]
[com.android.support:animated-vector-drawable:28.0.0] C:\Users\Cristian Granero\Downloads\AboutMeApp\gradle\wrapper\caches\transforms-3\f8b66c46e7ed59134e020bd82ba057ee\transformed\animated-vector-drawable-28.0.0\AndroidManifest.xml Warning:
	Package name 'android.support.graphics.drawable' used in: com.android.support:animated-vector-drawable:28.0.0, com.android.support:support-vector-drawable:28.0.0.
e: C:\Users\Cristian Granero\Downloads\AboutMeApp\app\src\main\java\com\example\aboutme\MainActivity.kt: (19, 26): Unresolved reference: myName

FAILURE: Build failed with an exception.

* What went wrong:
Execution failed for task ':app:compileDebugKotlin'.
> Compilation error. See log for more details

* Try:
Run with --stacktrace option to get the stack trace. Run with --info or --debug option to get more log output. Run with --scan to get full insights.

* Get more help at https://help.gradle.org

BUILD FAILED in 24s
31 actionable tasks: 31 executed
2022-02-16T21:47:45.652-0300 [DEBUG] [org.gradle.launcher.daemon.server.exec.ExecuteBuild] The daemon has finished executing the build.
2022-02-16T21:47:45.670-0300 [DEBUG] [org.gradle.launcher.daemon.server.DaemonStateCoordinator] daemon is running. Sleeping until state changes.
2022-02-16T21:47:45.670-0300 [DEBUG] [org.gradle.launcher.daemon.server.DaemonStateCoordinator] Command execution: finished waiting for DaemonCommandExecution[command = Build{id=0888d578-761c-43f3-8a9e-8a5eadf2e4be, currentDir=C:\Users\Cristian Granero\Downloads\AboutMeApp}, connection = DefaultDaemonConnection: socket connection from /127.0.0.1:65203 to /127.0.0.1:65204]. Result org.gradle.launcher.daemon.server.DaemonStateCoordinator@1b6b3528 with state Busy
2022-02-16T21:47:45.670-0300 [DEBUG] [org.gradle.launcher.daemon.server.DaemonStateCoordinator] Command execution: completed DaemonCommandExecution[command = Build{id=0888d578-761c-43f3-8a9e-8a5eadf2e4be, currentDir=C:\Users\Cristian Granero\Downloads\AboutMeApp}, connection = DefaultDaemonConnection: socket connection from /127.0.0.1:65203 to /127.0.0.1:65204]
2022-02-16T21:47:45.671-0300 [DEBUG] [org.gradle.launcher.daemon.server.DaemonStateCoordinator] resetting idle timer
2022-02-16T21:47:45.671-0300 [INFO] [org.gradle.launcher.daemon.server.DaemonRegistryUpdater] Marking the daemon as idle, address: [1811e86e-ed3a-4b9a-bcb5-6e7159a6cda6 port:65203, addresses:[localhost/127.0.0.1]]
2022-02-16T21:47:45.671-0300 [DEBUG] [org.gradle.launcher.daemon.registry.PersistentDaemonRegistry] Marking busy by address: [1811e86e-ed3a-4b9a-bcb5-6e7159a6cda6 port:65203, addresses:[localhost/127.0.0.1]]
2022-02-16T21:47:45.672-0300 [DEBUG] [org.gradle.cache.internal.DefaultFileLockManager] Waiting to acquire exclusive lock on daemon addresses registry.
2022-02-16T21:47:45.673-0300 [DEBUG] [org.gradle.cache.internal.DefaultFileLockManager] Lock acquired on daemon addresses registry.
2022-02-16T21:47:45.674-0300 [DEBUG] [org.gradle.cache.internal.DefaultFileLockManager] Releasing lock on daemon addresses registry.
2022-02-16T21:47:45.675-0300 [DEBUG] [org.gradle.launcher.daemon.server.DaemonStateCoordinator] daemon is running. Sleeping until state changes.
2022-02-16T21:47:45.675-0300 [DEBUG] [org.gradle.launcher.daemon.server.exec.ReturnResult] Daemon is dispatching the build result: Success[value=org.gradle.launcher.exec.BuildActionResult@384d59f4]
2022-02-16T21:47:45.675-0300 [DEBUG] [org.gradle.launcher.daemon.server.SynchronizedDispatchConnection] thread 19: dispatching Success[value=org.gradle.launcher.exec.BuildActionResult@384d59f4]
2022-02-16T21:47:45.683-0300 [DEBUG] [org.gradle.launcher.daemon.server.DefaultIncomingConnectionHandler] Finishing executing command: Build{id=0888d578-761c-43f3-8a9e-8a5eadf2e4be, currentDir=C:\Users\Cristian Granero\Downloads\AboutMeApp}
2022-02-16T21:47:45.695-0300 [DEBUG] [org.gradle.launcher.daemon.server.SynchronizedDispatchConnection] thread 20: received class org.gradle.launcher.daemon.protocol.Finished
2022-02-16T21:47:45.695-0300 [DEBUG] [org.gradle.launcher.daemon.server.DefaultDaemonConnection] thread 20: Received non-IO message from client: org.gradle.launcher.daemon.protocol.Finished@6a164f91
2022-02-16T21:47:45.696-0300 [DEBUG] [org.gradle.launcher.daemon.server.DefaultIncomingConnectionHandler] Received finished message: org.gradle.launcher.daemon.protocol.Finished@6a164f91
2022-02-16T21:47:45.696-0300 [DEBUG] [org.gradle.launcher.daemon.server.SynchronizedDispatchConnection] thread 19: stopping connection
2022-02-16T21:47:45.696-0300 [DEBUG] [org.gradle.internal.remote.internal.inet.SocketConnection] Discarding EOFException: java.io.EOFException
2022-02-16T21:47:45.696-0300 [DEBUG] [org.gradle.launcher.daemon.server.SynchronizedDispatchConnection] thread 20: received null
2022-02-16T21:47:45.696-0300 [DEBUG] [org.gradle.launcher.daemon.server.DefaultDaemonConnection] thread 20: Received end-of-input from client.
2022-02-16T21:47:45.697-0300 [DEBUG] [org.gradle.launcher.daemon.server.SynchronizedDispatchConnection] thread 19: stopping connection
2022-02-16T21:47:53.209-0300 [DEBUG] [org.gradle.cache.internal.DefaultFileLockManager] Waiting to acquire shared lock on daemon addresses registry.
2022-02-16T21:47:53.210-0300 [DEBUG] [org.gradle.cache.internal.DefaultFileLockManager] Lock acquired on daemon addresses registry.
2022-02-16T21:47:53.210-0300 [DEBUG] [org.gradle.cache.internal.DefaultFileLockManager] Releasing lock on daemon addresses registry.
2022-02-16T21:47:53.212-0300 [DEBUG] [org.gradle.cache.internal.DefaultFileLockManager] Waiting to acquire shared lock on daemon addresses registry.
2022-02-16T21:47:53.212-0300 [DEBUG] [org.gradle.cache.internal.DefaultFileLockManager] Lock acquired on daemon addresses registry.
2022-02-16T21:47:53.213-0300 [DEBUG] [org.gradle.cache.internal.DefaultFileLockManager] Releasing lock on daemon addresses registry.
2022-02-16T21:48:03.216-0300 [DEBUG] [org.gradle.cache.internal.DefaultFileLockManager] Waiting to acquire shared lock on daemon addresses registry.
2022-02-16T21:48:03.217-0300 [DEBUG] [org.gradle.cache.internal.DefaultFileLockManager] Lock acquired on daemon addresses registry.
2022-02-16T21:48:03.217-0300 [DEBUG] [org.gradle.cache.internal.DefaultFileLockManager] Releasing lock on daemon addresses registry.
2022-02-16T21:48:03.218-0300 [DEBUG] [org.gradle.cache.internal.DefaultFileLockManager] Waiting to acquire shared lock on daemon addresses registry.
2022-02-16T21:48:03.219-0300 [DEBUG] [org.gradle.cache.internal.DefaultFileLockManager] Lock acquired on daemon addresses registry.
2022-02-16T21:48:03.219-0300 [DEBUG] [org.gradle.cache.internal.DefaultFileLockManager] Releasing lock on daemon addresses registry.
2022-02-16T21:48:03.220-0300 [DEBUG] [org.gradle.cache.internal.DefaultFileLockManager] Waiting to acquire shared lock on daemon addresses registry.
2022-02-16T21:48:03.220-0300 [DEBUG] [org.gradle.cache.internal.DefaultFileLockManager] Lock acquired on daemon addresses registry.
2022-02-16T21:48:03.220-0300 [DEBUG] [org.gradle.cache.internal.DefaultFileLockManager] Releasing lock on daemon addresses registry.
2022-02-16T21:48:09.943-0300 [DEBUG] [sun.rmi.transport.tcp] RMI Scheduler(0): close connection
2022-02-16T21:48:09.987-0300 [DEBUG] [sun.rmi.transport.tcp] RMI Scheduler(0): close connection
2022-02-16T21:48:10.111-0300 [DEBUG] [sun.rmi.transport.tcp] RMI TCP Connection(1)-127.0.0.1: (port 65219) connection closed
2022-02-16T21:48:10.111-0300 [DEBUG] [sun.rmi.transport.tcp] RMI TCP Connection(1)-127.0.0.1: close connection
2022-02-16T21:48:13.211-0300 [DEBUG] [org.gradle.cache.internal.DefaultFileLockManager] Waiting to acquire shared lock on daemon addresses registry.
2022-02-16T21:48:13.211-0300 [DEBUG] [org.gradle.cache.internal.DefaultFileLockManager] Lock acquired on daemon addresses registry.
2022-02-16T21:48:13.211-0300 [DEBUG] [org.gradle.cache.internal.DefaultFileLockManager] Releasing lock on daemon addresses registry.
2022-02-16T21:48:13.212-0300 [DEBUG] [org.gradle.cache.internal.DefaultFileLockManager] Waiting to acquire shared lock on daemon addresses registry.
2022-02-16T21:48:13.213-0300 [DEBUG] [org.gradle.cache.internal.DefaultFileLockManager] Lock acquired on daemon addresses registry.
2022-02-16T21:48:13.213-0300 [DEBUG] [org.gradle.cache.internal.DefaultFileLockManager] Releasing lock on daemon addresses registry.
2022-02-16T21:48:13.214-0300 [DEBUG] [org.gradle.cache.internal.DefaultFileLockManager] Waiting to acquire shared lock on daemon addresses registry.
2022-02-16T21:48:13.214-0300 [DEBUG] [org.gradle.cache.internal.DefaultFileLockManager] Lock acquired on daemon addresses registry.
2022-02-16T21:48:13.214-0300 [DEBUG] [org.gradle.cache.internal.DefaultFileLockManager] Releasing lock on daemon addresses registry.
2022-02-16T21:48:23.214-0300 [DEBUG] [org.gradle.cache.internal.DefaultFileLockManager] Waiting to acquire shared lock on daemon addresses registry.
2022-02-16T21:48:23.214-0300 [DEBUG] [org.gradle.cache.internal.DefaultFileLockManager] Lock acquired on daemon addresses registry.
2022-02-16T21:48:23.214-0300 [DEBUG] [org.gradle.cache.internal.DefaultFileLockManager] Releasing lock on daemon addresses registry.
2022-02-16T21:48:23.215-0300 [DEBUG] [org.gradle.cache.internal.DefaultFileLockManager] Waiting to acquire shared lock on daemon addresses registry.
2022-02-16T21:48:23.216-0300 [DEBUG] [org.gradle.cache.internal.DefaultFileLockManager] Lock acquired on daemon addresses registry.
2022-02-16T21:48:23.216-0300 [DEBUG] [org.gradle.cache.internal.DefaultFileLockManager] Releasing lock on daemon addresses registry.
2022-02-16T21:48:23.217-0300 [DEBUG] [org.gradle.cache.internal.DefaultFileLockManager] Waiting to acquire shared lock on daemon addresses registry.
2022-02-16T21:48:23.217-0300 [DEBUG] [org.gradle.cache.internal.DefaultFileLockManager] Lock acquired on daemon addresses registry.
2022-02-16T21:48:23.217-0300 [DEBUG] [org.gradle.cache.internal.DefaultFileLockManager] Releasing lock on daemon addresses registry.
2022-02-16T21:48:30.716-0300 [DEBUG] [org.gradle.internal.remote.internal.inet.TcpIncomingConnector] Accepted connection from /127.0.0.1:65244 to /127.0.0.1:65203.
2022-02-16T21:48:30.720-0300 [DEBUG] [org.gradle.launcher.daemon.server.SynchronizedDispatchConnection] thread 166: received class org.gradle.launcher.daemon.protocol.StopWhenIdle
2022-02-16T21:48:30.721-0300 [DEBUG] [org.gradle.launcher.daemon.server.DefaultDaemonConnection] thread 166: Received non-IO message from client: StopWhenIdle[id=5a9e2722-6640-4e8c-a868-9f75cce7e794]
2022-02-16T21:48:30.721-0300 [INFO] [org.gradle.launcher.daemon.server.DefaultIncomingConnectionHandler] Received command: StopWhenIdle[id=5a9e2722-6640-4e8c-a868-9f75cce7e794].
2022-02-16T21:48:30.721-0300 [DEBUG] [org.gradle.launcher.daemon.server.DefaultIncomingConnectionHandler] Starting executing command: StopWhenIdle[id=5a9e2722-6640-4e8c-a868-9f75cce7e794] with connection: socket connection from /127.0.0.1:65203 to /127.0.0.1:65244.
2022-02-16T21:48:30.721-0300 [DEBUG] [org.gradle.launcher.daemon.server.DaemonRegistryUpdater] Storing daemon stop event: stop command received
2022-02-16T21:48:30.721-0300 [DEBUG] [org.gradle.launcher.daemon.registry.PersistentDaemonRegistry] Storing daemon stop event with timestamp 1645058910722
2022-02-16T21:48:30.723-0300 [DEBUG] [org.gradle.cache.internal.DefaultFileLockManager] Waiting to acquire exclusive lock on daemon addresses registry.
2022-02-16T21:48:30.723-0300 [DEBUG] [org.gradle.cache.internal.DefaultFileLockManager] Lock acquired on daemon addresses registry.
2022-02-16T21:48:30.725-0300 [DEBUG] [org.gradle.cache.internal.DefaultFileLockManager] Releasing lock on daemon addresses registry.
2022-02-16T21:48:30.726-0300 [LIFECYCLE] [org.gradle.launcher.daemon.server.DaemonStateCoordinator] Daemon will be stopped at the end of the build stop command received
2022-02-16T21:48:30.726-0300 [DEBUG] [org.gradle.launcher.daemon.server.DaemonStateCoordinator] Marking daemon stopped due to stop command received. The daemon is running a build: false
2022-02-16T21:48:30.726-0300 [DEBUG] [org.gradle.launcher.daemon.server.DaemonStateCoordinator] daemon has stopped.
2022-02-16T21:48:30.726-0300 [DEBUG] [org.gradle.launcher.daemon.server.SynchronizedDispatchConnection] thread 19: dispatching Success[value=null]
2022-02-16T21:48:30.726-0300 [DEBUG] [org.gradle.launcher.daemon.server.Daemon] stop() called on daemon
2022-02-16T21:48:30.727-0300 [DEBUG] [org.gradle.launcher.daemon.server.DefaultIncomingConnectionHandler] Finishing executing command: StopWhenIdle[id=5a9e2722-6640-4e8c-a868-9f75cce7e794]
2022-02-16T21:48:30.727-0300 [INFO] [org.gradle.launcher.daemon.server.Daemon] Stop requested. Daemon is removing its presence from the registry...
2022-02-16T21:48:30.727-0300 [DEBUG] [org.gradle.launcher.daemon.server.SynchronizedDispatchConnection] thread 166: received class org.gradle.launcher.daemon.protocol.Finished
2022-02-16T21:48:30.727-0300 [DEBUG] [org.gradle.launcher.daemon.server.DaemonRegistryUpdater] Removing our presence to clients, eg. removing this address from the registry: [1811e86e-ed3a-4b9a-bcb5-6e7159a6cda6 port:65203, addresses:[localhost/127.0.0.1]]
2022-02-16T21:48:30.727-0300 [DEBUG] [org.gradle.launcher.daemon.server.DefaultDaemonConnection] thread 166: Received non-IO message from client: org.gradle.launcher.daemon.protocol.Finished@3e831159
2022-02-16T21:48:30.728-0300 [DEBUG] [org.gradle.launcher.daemon.registry.PersistentDaemonRegistry] Removing daemon address: [1811e86e-ed3a-4b9a-bcb5-6e7159a6cda6 port:65203, addresses:[localhost/127.0.0.1]]
2022-02-16T21:48:30.728-0300 [DEBUG] [org.gradle.internal.remote.internal.inet.SocketConnection] Discarding EOFException: java.io.EOFException
2022-02-16T21:48:30.728-0300 [DEBUG] [org.gradle.launcher.daemon.server.DefaultIncomingConnectionHandler] Received finished message: org.gradle.launcher.daemon.protocol.Finished@3e831159
2022-02-16T21:48:30.728-0300 [DEBUG] [org.gradle.launcher.daemon.server.SynchronizedDispatchConnection] thread 166: received null
2022-02-16T21:48:30.729-0300 [DEBUG] [org.gradle.launcher.daemon.server.DefaultDaemonConnection] thread 166: Received end-of-input from client.
2022-02-16T21:48:30.728-0300 [DEBUG] [org.gradle.launcher.daemon.server.SynchronizedDispatchConnection] thread 19: stopping connection
2022-02-16T21:48:30.730-0300 [DEBUG] [org.gradle.cache.internal.DefaultFileLockManager] Waiting to acquire exclusive lock on daemon addresses registry.
2022-02-16T21:48:30.730-0300 [DEBUG] [org.gradle.launcher.daemon.server.SynchronizedDispatchConnection] thread 19: stopping connection
2022-02-16T21:48:30.731-0300 [DEBUG] [org.gradle.cache.internal.DefaultFileLockManager] Lock acquired on daemon addresses registry.
2022-02-16T21:48:30.733-0300 [DEBUG] [org.gradle.cache.internal.DefaultFileLockManager] Releasing lock on daemon addresses registry.
2022-02-16T21:48:30.734-0300 [DEBUG] [org.gradle.launcher.daemon.server.DaemonRegistryUpdater] Address removed from registry.
2022-02-16T21:48:30.736-0300 [DEBUG] [org.gradle.cache.internal.LockOnDemandCrossProcessCacheAccess] Releasing file lock for jars (C:\Users\Cristian Granero\Downloads\AboutMeApp\gradle\wrapper\caches\jars-9)
2022-02-16T21:48:30.737-0300 [DEBUG] [org.gradle.cache.internal.DefaultFileLockManager] Releasing lock on jars (C:\Users\Cristian Granero\Downloads\AboutMeApp\gradle\wrapper\caches\jars-9).
2022-02-16T21:48:30.738-0300 [DEBUG] [org.gradle.cache.internal.DefaultPersistentDirectoryStore] jars (C:\Users\Cristian Granero\Downloads\AboutMeApp\gradle\wrapper\caches\jars-9) has last been fully cleaned up 2 hours ago
2022-02-16T21:48:30.751-0300 [DEBUG] [org.gradle.cache.internal.LockOnDemandCrossProcessCacheAccess] Releasing file lock for file content cache (C:\Users\Cristian Granero\Downloads\AboutMeApp\gradle\wrapper\caches\7.2\fileContent)
2022-02-16T21:48:30.751-0300 [DEBUG] [org.gradle.cache.internal.DefaultFileLockManager] Releasing lock on file content cache (C:\Users\Cristian Granero\Downloads\AboutMeApp\gradle\wrapper\caches\7.2\fileContent).
2022-02-16T21:48:30.754-0300 [DEBUG] [org.gradle.cache.internal.LockOnDemandCrossProcessCacheAccess] Releasing file lock for Artifact transforms cache (C:\Users\Cristian Granero\Downloads\AboutMeApp\gradle\wrapper\caches\transforms-3)
2022-02-16T21:48:30.754-0300 [DEBUG] [org.gradle.internal.watch.registry.impl.DefaultFileWatcherRegistry] Finished listening to file system change events
2022-02-16T21:48:30.754-0300 [DEBUG] [org.gradle.cache.internal.DefaultFileLockManager] Releasing lock on Artifact transforms cache (C:\Users\Cristian Granero\Downloads\AboutMeApp\gradle\wrapper\caches\transforms-3).
2022-02-16T21:48:30.756-0300 [DEBUG] [org.gradle.cache.internal.DefaultPersistentDirectoryStore] Artifact transforms cache (C:\Users\Cristian Granero\Downloads\AboutMeApp\gradle\wrapper\caches\transforms-3) has last been fully cleaned up 2 hours ago
2022-02-16T21:48:30.756-0300 [DEBUG] [org.gradle.cache.internal.LockOnDemandCrossProcessCacheAccess] Releasing file lock for artifact cache (C:\Users\Cristian Granero\Downloads\AboutMeApp\gradle\wrapper\caches\modules-2)
2022-02-16T21:48:30.757-0300 [DEBUG] [org.gradle.cache.internal.btree.BTreePersistentIndexedCache] Closing cache module-metadata.bin (C:\Users\Cristian Granero\Downloads\AboutMeApp\gradle\wrapper\caches\modules-2\metadata-2.97\module-metadata.bin)
2022-02-16T21:48:30.757-0300 [DEBUG] [org.gradle.cache.internal.btree.BTreePersistentIndexedCache] Closing cache module-artifact.bin (C:\Users\Cristian Granero\Downloads\AboutMeApp\gradle\wrapper\caches\modules-2\metadata-2.97\module-artifact.bin)
2022-02-16T21:48:30.757-0300 [DEBUG] [org.gradle.cache.internal.btree.BTreePersistentIndexedCache] Closing cache module-artifacts.bin (C:\Users\Cristian Granero\Downloads\AboutMeApp\gradle\wrapper\caches\modules-2\metadata-2.97\module-artifacts.bin)
2022-02-16T21:48:30.758-0300 [DEBUG] [org.gradle.cache.internal.DefaultFileLockManager] Releasing lock on artifact cache (C:\Users\Cristian Granero\Downloads\AboutMeApp\gradle\wrapper\caches\modules-2).
2022-02-16T21:48:30.759-0300 [DEBUG] [org.gradle.cache.internal.DefaultPersistentDirectoryStore] artifact cache (C:\Users\Cristian Granero\Downloads\AboutMeApp\gradle\wrapper\caches\modules-2) has last been fully cleaned up 2 hours ago
2022-02-16T21:48:30.759-0300 [DEBUG] [org.gradle.cache.internal.DefaultCacheAccess] Cache Generated Gradle JARs cache (C:\Users\Cristian Granero\Downloads\AboutMeApp\gradle\wrapper\caches\7.2\generated-gradle-jars) was closed 0 times.
2022-02-16T21:48:30.760-0300 [DEBUG] [org.gradle.cache.internal.LockOnDemandCrossProcessCacheAccess] Releasing file lock for journal cache (C:\Users\Cristian Granero\Downloads\AboutMeApp\gradle\wrapper\caches\journal-1)
2022-02-16T21:48:30.760-0300 [DEBUG] [org.gradle.cache.internal.btree.BTreePersistentIndexedCache] Closing cache file-access.bin (C:\Users\Cristian Granero\Downloads\AboutMeApp\gradle\wrapper\caches\journal-1\file-access.bin)
2022-02-16T21:48:30.761-0300 [DEBUG] [org.gradle.cache.internal.DefaultFileLockManager] Releasing lock on journal cache (C:\Users\Cristian Granero\Downloads\AboutMeApp\gradle\wrapper\caches\journal-1).
2022-02-16T21:48:30.763-0300 [DEBUG] [org.gradle.cache.internal.LockOnDemandCrossProcessCacheAccess] Releasing file lock for file hash cache (C:\Users\Cristian Granero\Downloads\AboutMeApp\gradle\wrapper\caches\7.2\fileHashes)
2022-02-16T21:48:30.763-0300 [DEBUG] [org.gradle.cache.internal.btree.BTreePersistentIndexedCache] Closing cache fileHashes.bin (C:\Users\Cristian Granero\Downloads\AboutMeApp\gradle\wrapper\caches\7.2\fileHashes\fileHashes.bin)
2022-02-16T21:48:30.764-0300 [DEBUG] [org.gradle.cache.internal.btree.BTreePersistentIndexedCache] Closing cache resourceHashesCache.bin (C:\Users\Cristian Granero\Downloads\AboutMeApp\gradle\wrapper\caches\7.2\fileHashes\resourceHashesCache.bin)
2022-02-16T21:48:30.764-0300 [DEBUG] [org.gradle.cache.internal.DefaultFileLockManager] Releasing lock on file hash cache (C:\Users\Cristian Granero\Downloads\AboutMeApp\gradle\wrapper\caches\7.2\fileHashes).
2022-02-16T21:48:30.766-0300 [DEBUG] [org.gradle.cache.internal.LockOnDemandCrossProcessCacheAccess] Releasing file lock for execution history cache (C:\Users\Cristian Granero\Downloads\AboutMeApp\gradle\wrapper\caches\7.2\executionHistory)
2022-02-16T21:48:30.766-0300 [DEBUG] [org.gradle.cache.internal.btree.BTreePersistentIndexedCache] Closing cache executionHistory.bin (C:\Users\Cristian Granero\Downloads\AboutMeApp\gradle\wrapper\caches\7.2\executionHistory\executionHistory.bin)
2022-02-16T21:48:30.766-0300 [DEBUG] [org.gradle.cache.internal.DefaultFileLockManager] Releasing lock on execution history cache (C:\Users\Cristian Granero\Downloads\AboutMeApp\gradle\wrapper\caches\7.2\executionHistory).
Daemon vm is shutting down... The daemon has exited normally or was terminated in response to a user interrupt.
2022-02-16T21:48:30.769-0300 [DEBUG] [org.gradle.launcher.daemon.registry.PersistentDaemonRegistry] Removing daemon address: [1811e86e-ed3a-4b9a-bcb5-6e7159a6cda6 port:65203, addresses:[localhost/127.0.0.1]]
2022-02-16T21:48:30.771-0300 [DEBUG] [org.gradle.cache.internal.DefaultFileLockManager] Waiting to acquire exclusive lock on daemon addresses registry.
2022-02-16T21:48:30.772-0300 [DEBUG] [org.gradle.cache.internal.DefaultFileLockManager] Lock acquired on daemon addresses registry.
2022-02-16T21:48:30.773-0300 [DEBUG] [org.gradle.cache.internal.DefaultFileLockManager] Releasing lock on daemon addresses registry.
